<?xml version="1.0" encoding="UTF-8"?>
<!-- Generated by org.testng.reporters.JUnitReportReporter -->
<testsuite skipped="0" hostname="DESKTOP-44FT22C" name="com.java.testcase.SeleniumeasyTestcase" tests="1" failures="0" timestamp="15 Jan 2020 07:21:57 GMT" time="16.570" errors="0">
  <testcase name="tc01" time="16.570" classname="com.java.testcase.SeleniumeasyTestcase"/>
</testsuite> <!-- com.java.testcase.SeleniumeasyTestcase -->
