<?xml version="1.0" encoding="UTF-8"?>
<!-- Generated by org.testng.reporters.JUnitReportReporter -->
<testsuite skipped="0" hostname="DESKTOP-44FT22C" name="com.java.testcase.JqueryAutocompleteTestcase" tests="1" failures="0" timestamp="08 Jan 2020 14:36:51 GMT" time="2.347" errors="0">
  <testcase name="TestAutocomplete" time="2.347" classname="com.java.testcase.JqueryAutocompleteTestcase"/>
</testsuite> <!-- com.java.testcase.JqueryAutocompleteTestcase -->
